This is pdfTeX, Version 3.141592653-2.6-1.40.28 (TeX Live 2025/Debian) (preloaded format=pdflatex 2026.3.30)  1 APR 2026 23:20
entering extended mode
 restricted \write18 enabled.
 %&-line parsing enabled.
**projectS2.tex
(./projectS2.tex
LaTeX2e <2025-11-01>
L3 programming layer <2026-01-19>
(/usr/share/texlive/texmf-dist/tex/latex/base/article.cls
Document Class: article 2025/01/22 v1.4n Standard LaTeX document class
(/usr/share/texlive/texmf-dist/tex/latex/base/size11.clo
File: size11.clo 2025/01/22 v1.4n Standard LaTeX file (size option)
)
\c@part=\count275
\c@section=\count276
\c@subsection=\count277
\c@subsubsection=\count278
\c@paragraph=\count279
\c@subparagraph=\count280
\c@figure=\count281
\c@table=\count282
\abovecaptionskip=\skip49
\belowcaptionskip=\skip50
\bibindent=\dimen148
)
(/usr/share/texlive/texmf-dist/tex/latex/listings/listings.sty
(/usr/share/texlive/texmf-dist/tex/latex/graphics/keyval.sty
Package: keyval 2022/05/29 v1.15 key=value parser (DPC)
\KV@toks@=\toks17
)
\lst@mode=\count283
\lst@gtempboxa=\box53
\lst@token=\toks18
\lst@length=\count284
\lst@currlwidth=\dimen149
\lst@column=\count285
\lst@pos=\count286
\lst@lostspace=\dimen150
\lst@width=\dimen151
\lst@newlines=\count287
\lst@lineno=\count288
\lst@maxwidth=\dimen152

(/usr/share/texlive/texmf-dist/tex/latex/listings/lstpatch.sty
File: lstpatch.sty 2025/11/14 1.11b (Carsten Heinz)
)
(/usr/share/texlive/texmf-dist/tex/latex/listings/lstmisc.sty
File: lstmisc.sty 2025/11/14 1.11b (Carsten Heinz)
\c@lstnumber=\count289
\lst@skipnumbers=\count290
\lst@framebox=\box54
)
(/usr/share/texlive/texmf-dist/tex/latex/listings/listings.cfg
File: listings.cfg 2025/11/14 1.11b listings configuration
))
Package: listings 2025/11/14 1.11b (Carsten Heinz)

==> First Aid for listings.sty no longer applied!
    Expected:
        2024/09/23 1.10c (Carsten Heinz)
    but found:
        2025/11/14 1.11b (Carsten Heinz)
    so I'm assuming it got fixed.
(/usr/share/texlive/texmf-dist/tex/latex/graphics/color.sty
Package: color 2025/01/14 v1.3e Standard LaTeX Color (DPC)

(/usr/share/texlive/texmf-dist/tex/latex/graphics-cfg/color.cfg
File: color.cfg 2016/01/02 v1.6 sample color configuration
)
Package color Info: Driver file: pdftex.def on input line 149.

(/usr/share/texlive/texmf-dist/tex/latex/graphics-def/pdftex.def
File: pdftex.def 2025/09/29 v1.2d Graphics/color driver for pdftex
)
(/usr/share/texlive/texmf-dist/tex/latex/graphics/mathcolor.ltx))
(/usr/share/texlive/texmf-dist/tex/latex/graphics/graphicx.sty
Package: graphicx 2024/12/31 v1.2e Enhanced LaTeX Graphics (DPC,SPQR)

(/usr/share/texlive/texmf-dist/tex/latex/graphics/graphics.sty
Package: graphics 2024/08/06 v1.4g Standard LaTeX Graphics (DPC,SPQR)

(/usr/share/texlive/texmf-dist/tex/latex/graphics/trig.sty
Package: trig 2023/12/02 v1.11 sin cos tan (DPC)
)
(/usr/share/texlive/texmf-dist/tex/latex/graphics-cfg/graphics.cfg
File: graphics.cfg 2016/06/04 v1.11 sample graphics configuration
)
Package graphics Info: Driver file: pdftex.def on input line 106.
)
\Gin@req@height=\dimen153
\Gin@req@width=\dimen154
)
(/usr/share/texlive/texmf-dist/tex/latex/listings/lstlang1.sty
File: lstlang1.sty 2025/11/14 1.11b listings language file
)
(/usr/share/texlive/texmf-dist/tex/latex/l3backend/l3backend-pdftex.def
File: l3backend-pdftex.def 2025-10-09 L3 backend support: PDF output (pdfTeX)
\l__color_backend_stack_int=\count291
)
(./projectS2.aux)
\openout1 = `projectS2.aux'.

LaTeX Font Info:    Checking defaults for OML/cmm/m/it on input line 38.
LaTeX Font Info:    ... okay on input line 38.
LaTeX Font Info:    Checking defaults for OMS/cmsy/m/n on input line 38.
LaTeX Font Info:    ... okay on input line 38.
LaTeX Font Info:    Checking defaults for OT1/cmr/m/n on input line 38.
LaTeX Font Info:    ... okay on input line 38.
LaTeX Font Info:    Checking defaults for T1/cmr/m/n on input line 38.
LaTeX Font Info:    ... okay on input line 38.
LaTeX Font Info:    Checking defaults for TS1/cmr/m/n on input line 38.
LaTeX Font Info:    ... okay on input line 38.
LaTeX Font Info:    Checking defaults for OMX/cmex/m/n on input line 38.
LaTeX Font Info:    ... okay on input line 38.
LaTeX Font Info:    Checking defaults for U/cmr/m/n on input line 38.
LaTeX Font Info:    ... okay on input line 38.
\c@lstlisting=\count292

(/usr/share/texlive/texmf-dist/tex/context/base/mkii/supp-pdf.mkii
[Loading MPS to PDF converter (version 2006.09.02).]
\scratchcounter=\count293
\scratchdimen=\dimen155
\scratchbox=\box55
\nofMPsegments=\count294
\nofMParguments=\count295
\everyMPshowfont=\toks19
\MPscratchCnt=\count296
\MPscratchDim=\dimen156
\MPnumerator=\count297
\makeMPintoPDFobject=\count298
\everyMPtoPDFconversion=\toks20
) (/usr/share/texlive/texmf-dist/tex/latex/epstopdf-pkg/epstopdf-base.sty
Package: epstopdf-base 2020-01-24 v2.11 Base part for package epstopdf
Package epstopdf-base Info: Redefining graphics rule for `.eps' on input line 4
85.

(/usr/share/texlive/texmf-dist/tex/latex/latexconfig/epstopdf-sys.cfg
File: epstopdf-sys.cfg 2010/07/13 v1.3 Configuration of (r)epstopdf for TeX Liv
e
))
LaTeX Font Info:    External font `cmex10' loaded for size
(Font)              <12> on input line 40.
LaTeX Font Info:    External font `cmex10' loaded for size
(Font)              <8> on input line 40.
LaTeX Font Info:    External font `cmex10' loaded for size
(Font)              <6> on input line 40.

Overfull \hbox (20.04623pt too wide) in paragraph at lines 40--40
 [][] 
 []

(/usr/share/texlive/texmf-dist/tex/latex/listings/lstlang1.sty
File: lstlang1.sty 2025/11/14 1.11b listings language file
)
(/usr/share/texlive/texmf-dist/tex/latex/listings/lstlang2.sty
File: lstlang2.sty 2025/11/14 1.11b listings language file
)
(/usr/share/texlive/texmf-dist/tex/latex/listings/lstlang3.sty
File: lstlang3.sty 2025/11/14 1.11b listings language file
) (./logic/and4.v) (./logic/nand4.v) [1

{/var/lib/texmf/fonts/map/pdftex/updmap/pdftex.map}]
(./logic/or4.v) (./logic/nor4.v) (./logic/xor4.v) (./logic/xnor4.v)
(./logic/not4.v) [2] (./logic/shifter4.v) [3] (./arithmetic/adder4.v)
(./arithmetic/subtractor4.v) [4] (./arithmetic/multiplier4.v)
(./arithmetic/divider4.v) [5] (./tests_4-bit/test_and4.v) [6]
<images/and4_waveform.png, id=26, 300.3722pt x 108.405pt>
File: images/and4_waveform.png Graphic file (type png)
<use images/and4_waveform.png>
Package pdftex.def Info: images/and4_waveform.png  used on input line 79.
(pdftex.def)             Requested size: 300.37144pt x 108.40472pt.
 [7 <./images/and4_waveform.png>] (./tests_4-bit/test_nand4.v) [8]
<images/nand4_waveform.png, id=36, 288.3272pt x 124.96687pt>
File: images/nand4_waveform.png Graphic file (type png)
<use images/nand4_waveform.png>
Package pdftex.def Info: images/nand4_waveform.png  used on input line 86.
(pdftex.def)             Requested size: 288.32648pt x 124.96657pt.
 [9 <./images/nand4_waveform.png>] (./tests_4-bit/test_or4.v) [10]
<images/or4_waveform.png, id=44, 283.81032pt x 116.68594pt>
File: images/or4_waveform.png Graphic file (type png)
<use images/or4_waveform.png>
Package pdftex.def Info: images/or4_waveform.png  used on input line 93.
(pdftex.def)             Requested size: 283.80962pt x 116.68564pt.
 [11 <./images/or4_waveform.png>]
(./tests_4-bit/test_nor4.v) [12]
<images/nor4_waveform.png, id=52, 307.1475pt x 125.71968pt>
File: images/nor4_waveform.png Graphic file (type png)
<use images/nor4_waveform.png>
Package pdftex.def Info: images/nor4_waveform.png  used on input line 100.
(pdftex.def)             Requested size: 307.14674pt x 125.71936pt.
 [13 <./images/nor4_waveform.png>]
(./tests_4-bit/test_xor4.v) [14]
<images/xor4_waveform.png, id=61, 313.17pt x 114.4275pt>
File: images/xor4_waveform.png Graphic file (type png)
<use images/xor4_waveform.png>
Package pdftex.def Info: images/xor4_waveform.png  used on input line 107.
(pdftex.def)             Requested size: 313.16922pt x 114.42722pt.
 [15 <./images/xor4_waveform.png>]
(./tests_4-bit/test_xnor4.v) [16]
<images/xnor4_waveform.png, id=69, 282.30469pt x 102.3825pt>
File: images/xnor4_waveform.png Graphic file (type png)
<use images/xnor4_waveform.png>
Package pdftex.def Info: images/xnor4_waveform.png  used on input line 114.
(pdftex.def)             Requested size: 282.30399pt x 102.38225pt.
 [17 <./images/xnor4_waveform.png>]
(./tests_4-bit/test_not4.v) [18]
<images/not4_waveform.png, id=77, 267.24844pt x 99.37125pt>
File: images/not4_waveform.png Graphic file (type png)
<use images/not4_waveform.png>
Package pdftex.def Info: images/not4_waveform.png  used on input line 121.
(pdftex.def)             Requested size: 267.24779pt x 99.371pt.
 [19 <./images/not4_waveform.png>]
(./tests_4-bit/test_shifter4.v) [20]
<images/shifter4_waveform.png, id=86, 325.215pt x 133.24782pt>
File: images/shifter4_waveform.png Graphic file (type png)
<use images/shifter4_waveform.png>
Package pdftex.def Info: images/shifter4_waveform.png  used on input line 128.
(pdftex.def)             Requested size: 325.2142pt x 133.24748pt.
 [21 <./images/shifter4_waveform.png>]
(./tests_4-bit/test_adder4.v) [22]
<images/adder4_waveform.png, id=94, 319.1925pt x 155.07938pt>
File: images/adder4_waveform.png Graphic file (type png)
<use images/adder4_waveform.png>
Package pdftex.def Info: images/adder4_waveform.png  used on input line 137.
(pdftex.def)             Requested size: 319.19171pt x 155.07898pt.
 [23 <./images/adder4_waveform.png>]
(./tests_4-bit/test_subtractor4.v) [24]
<images/subtractor4_waveform.png, id=102, 341.02406pt x 154.32657pt>
File: images/subtractor4_waveform.png Graphic file (type png)
<use images/subtractor4_waveform.png>
Package pdftex.def Info: images/subtractor4_waveform.png  used on input line 14
4.
(pdftex.def)             Requested size: 341.02322pt x 154.32617pt.
 [25 <./images/subtractor4_waveform.png>] (./tests_4-bit/test_multiplier4.v) [2
6]
<images/multiplier4_waveform.png, id=111, 374.14781pt x 146.04562pt>
File: images/multiplier4_waveform.png Graphic file (type png)
<use images/multiplier4_waveform.png>
Package pdftex.def Info: images/multiplier4_waveform.png  used on input line 15
1.
(pdftex.def)             Requested size: 374.14688pt x 146.04524pt.

Overfull \hbox (14.14688pt too wide) in paragraph at lines 150--153
[]
 []

[27 <./images/multiplier4_waveform.png>] (./tests_4-bit/test_divider4.v)
[28]
<images/divider4_waveform.png, id=119, 389.20406pt x 325.96782pt>
File: images/divider4_waveform.png Graphic file (type png)
<use images/divider4_waveform.png>
Package pdftex.def Info: images/divider4_waveform.png  used on input line 158.
(pdftex.def)             Requested size: 389.20311pt x 325.96701pt.

Overfull \hbox (29.20311pt too wide) in paragraph at lines 157--160
[]
 []

[29 <./images/divider4_waveform.png>] [30] (./projectS2.aux)
 ***********
LaTeX2e <2025-11-01>
L3 programming layer <2026-01-19>
 ***********
 ) 
Here is how much of TeX's memory you used:
 3527 strings out of 469514
 54228 string characters out of 5470072
 721849 words of memory out of 5000000
 32110 multiletter control sequences out of 15000+600000
 632740 words of font info for 57 fonts, out of 8000000 for 9000
 14 hyphenation exceptions out of 8191
 57i,6n,65p,397b,1424s stack positions out of 10000i,1000n,20000p,200000b,200000s
 </home/stiink/.texlive2025/texmf-var/fonts/pk/ljfour/jknappen/ec/tctt1000.60
0pk></usr/share/texlive/texmf-dist/fonts/type1/public/amsfonts/cm/cmbx12.pfb></
usr/share/texlive/texmf-dist/fonts/type1/public/amsfonts/cm/cmr10.pfb></usr/sha
re/texlive/texmf-dist/fonts/type1/public/amsfonts/cm/cmr12.pfb></usr/share/texl
ive/texmf-dist/fonts/type1/public/amsfonts/cm/cmtt10.pfb>
Output written on projectS2.pdf (30 pages, 177385 bytes).
PDF statistics:
 150 PDF objects out of 1000 (max. 8388607)
 84 compressed objects within 1 object stream
 0 named destinations out of 1000 (max. 500000)
 61 words of extra memory for PDF output out of 10000 (max. 10000000)

