This is pdfTeX, Version 3.141592653-2.6-1.40.28 (TeX Live 2025/Debian) (preloaded format=pdflatex 2026.3.30)  29 APR 2026 23:27
entering extended mode
 restricted \write18 enabled.
 %&-line parsing enabled.
**latex/projectS3.tex
(./latex/projectS3.tex
LaTeX2e <2025-11-01>
L3 programming layer <2026-01-19>
(/usr/share/texlive/texmf-dist/tex/latex/base/article.cls
Document Class: article 2025/01/22 v1.4n Standard LaTeX document class
(/usr/share/texlive/texmf-dist/tex/latex/base/size11.clo
File: size11.clo 2025/01/22 v1.4n Standard LaTeX file (size option)
)
\c@part=\count275
\c@section=\count276
\c@subsection=\count277
\c@subsubsection=\count278
\c@paragraph=\count279
\c@subparagraph=\count280
\c@figure=\count281
\c@table=\count282
\abovecaptionskip=\skip49
\belowcaptionskip=\skip50
\bibindent=\dimen148
)
(/usr/share/texlive/texmf-dist/tex/latex/listings/listings.sty
(/usr/share/texlive/texmf-dist/tex/latex/graphics/keyval.sty
Package: keyval 2022/05/29 v1.15 key=value parser (DPC)
\KV@toks@=\toks17
)
\lst@mode=\count283
\lst@gtempboxa=\box53
\lst@token=\toks18
\lst@length=\count284
\lst@currlwidth=\dimen149
\lst@column=\count285
\lst@pos=\count286
\lst@lostspace=\dimen150
\lst@width=\dimen151
\lst@newlines=\count287
\lst@lineno=\count288
\lst@maxwidth=\dimen152

(/usr/share/texlive/texmf-dist/tex/latex/listings/lstpatch.sty
File: lstpatch.sty 2025/11/14 1.11b (Carsten Heinz)
)
(/usr/share/texlive/texmf-dist/tex/latex/listings/lstmisc.sty
File: lstmisc.sty 2025/11/14 1.11b (Carsten Heinz)
\c@lstnumber=\count289
\lst@skipnumbers=\count290
\lst@framebox=\box54
)
(/usr/share/texlive/texmf-dist/tex/latex/listings/listings.cfg
File: listings.cfg 2025/11/14 1.11b listings configuration
))
Package: listings 2025/11/14 1.11b (Carsten Heinz)

==> First Aid for listings.sty no longer applied!
    Expected:
        2024/09/23 1.10c (Carsten Heinz)
    but found:
        2025/11/14 1.11b (Carsten Heinz)
    so I'm assuming it got fixed.
(/usr/share/texlive/texmf-dist/tex/latex/graphics/color.sty
Package: color 2025/01/14 v1.3e Standard LaTeX Color (DPC)

(/usr/share/texlive/texmf-dist/tex/latex/graphics-cfg/color.cfg
File: color.cfg 2016/01/02 v1.6 sample color configuration
)
Package color Info: Driver file: pdftex.def on input line 149.

(/usr/share/texlive/texmf-dist/tex/latex/graphics-def/pdftex.def
File: pdftex.def 2025/09/29 v1.2d Graphics/color driver for pdftex
)
(/usr/share/texlive/texmf-dist/tex/latex/graphics/mathcolor.ltx))
(/usr/share/texlive/texmf-dist/tex/latex/graphics/graphicx.sty
Package: graphicx 2024/12/31 v1.2e Enhanced LaTeX Graphics (DPC,SPQR)

(/usr/share/texlive/texmf-dist/tex/latex/graphics/graphics.sty
Package: graphics 2024/08/06 v1.4g Standard LaTeX Graphics (DPC,SPQR)

(/usr/share/texlive/texmf-dist/tex/latex/graphics/trig.sty
Package: trig 2023/12/02 v1.11 sin cos tan (DPC)
)
(/usr/share/texlive/texmf-dist/tex/latex/graphics-cfg/graphics.cfg
File: graphics.cfg 2016/06/04 v1.11 sample graphics configuration
)
Package graphics Info: Driver file: pdftex.def on input line 106.
)
\Gin@req@height=\dimen153
\Gin@req@width=\dimen154
)
(/usr/share/texlive/texmf-dist/tex/latex/listings/lstlang1.sty
File: lstlang1.sty 2025/11/14 1.11b listings language file
)
(/usr/share/texlive/texmf-dist/tex/latex/listings/lstlang2.sty
File: lstlang2.sty 2025/11/14 1.11b listings language file
)
(/usr/share/texlive/texmf-dist/tex/latex/listings/lstlang3.sty
File: lstlang3.sty 2025/11/14 1.11b listings language file
)
(/usr/share/texlive/texmf-dist/tex/latex/l3backend/l3backend-pdftex.def
File: l3backend-pdftex.def 2025-10-09 L3 backend support: PDF output (pdfTeX)
\l__color_backend_stack_int=\count291
)
No file projectS3.aux.
\openout1 = `projectS3.aux'.

LaTeX Font Info:    Checking defaults for OML/cmm/m/it on input line 38.
LaTeX Font Info:    ... okay on input line 38.
LaTeX Font Info:    Checking defaults for OMS/cmsy/m/n on input line 38.
LaTeX Font Info:    ... okay on input line 38.
LaTeX Font Info:    Checking defaults for OT1/cmr/m/n on input line 38.
LaTeX Font Info:    ... okay on input line 38.
LaTeX Font Info:    Checking defaults for T1/cmr/m/n on input line 38.
LaTeX Font Info:    ... okay on input line 38.
LaTeX Font Info:    Checking defaults for TS1/cmr/m/n on input line 38.
LaTeX Font Info:    ... okay on input line 38.
LaTeX Font Info:    Checking defaults for OMX/cmex/m/n on input line 38.
LaTeX Font Info:    ... okay on input line 38.
LaTeX Font Info:    Checking defaults for U/cmr/m/n on input line 38.
LaTeX Font Info:    ... okay on input line 38.
\c@lstlisting=\count292
(/usr/share/texlive/texmf-dist/tex/context/base/mkii/supp-pdf.mkii
[Loading MPS to PDF converter (version 2006.09.02).]
\scratchcounter=\count293
\scratchdimen=\dimen155
\scratchbox=\box55
\nofMPsegments=\count294
\nofMParguments=\count295
\everyMPshowfont=\toks19
\MPscratchCnt=\count296
\MPscratchDim=\dimen156
\MPnumerator=\count297
\makeMPintoPDFobject=\count298
\everyMPtoPDFconversion=\toks20
) (/usr/share/texlive/texmf-dist/tex/latex/epstopdf-pkg/epstopdf-base.sty
Package: epstopdf-base 2020-01-24 v2.11 Base part for package epstopdf
Package epstopdf-base Info: Redefining graphics rule for `.eps' on input line 4
85.

(/usr/share/texlive/texmf-dist/tex/latex/latexconfig/epstopdf-sys.cfg
File: epstopdf-sys.cfg 2010/07/13 v1.3 Configuration of (r)epstopdf for TeX Liv
e
))
LaTeX Font Info:    External font `cmex10' loaded for size
(Font)              <12> on input line 40.
LaTeX Font Info:    External font `cmex10' loaded for size
(Font)              <8> on input line 40.
LaTeX Font Info:    External font `cmex10' loaded for size
(Font)              <6> on input line 40.

Overfull \hbox (20.04623pt too wide) in paragraph at lines 40--40
 [][] 
 []

LaTeX Font Info:    Trying to load font information for OMS+cmr on input line 5
3.
(/usr/share/texlive/texmf-dist/tex/latex/base/omscmr.fd
File: omscmr.fd 2024/11/19 v2.5n Standard LaTeX font definitions
)
LaTeX Font Info:    Font shape `OMS/cmr/m/n' in size <10.95> not available
(Font)              Font shape `OMS/cmsy/m/n' tried instead on input line 53.
 [1

{/var/lib/texmf/fonts/map/pdftex/updmap/pdftex.map}] (./verilog/code/control.v 
[2]) [3]
(./verilog/tests/test_control.v [4] [5]) [6]
<images/control_ADD_wvf.png, id=28, 517.935pt x 151.3153pt>
File: images/control_ADD_wvf.png Graphic file (type png)
<use images/control_ADD_wvf.png>
Package pdftex.def Info: images/control_ADD_wvf.png  used on input line 83.
(pdftex.def)             Requested size: 360.0pt x 105.17883pt.
<images/control_SUB_wvf.png, id=30, 526.96875pt x 152.06813pt>
File: images/control_SUB_wvf.png Graphic file (type png)
<use images/control_SUB_wvf.png>
Package pdftex.def Info: images/control_SUB_wvf.png  used on input line 86.
(pdftex.def)             Requested size: 360.0pt x 103.88991pt.
<images/control_MUL_wvf.png, id=31, 536.75531pt x 151.3153pt>
File: images/control_MUL_wvf.png Graphic file (type png)
<use images/control_MUL_wvf.png>
Package pdftex.def Info: images/control_MUL_wvf.png  used on input line 89.
(pdftex.def)             Requested size: 360.0pt x 101.48692pt.
<images/control_DIV_wvf.png, id=32, 517.18219pt x 118.94438pt>
File: images/control_DIV_wvf.png Graphic file (type png)
<use images/control_DIV_wvf.png>
Package pdftex.def Info: images/control_DIV_wvf.png  used on input line 92.
(pdftex.def)             Requested size: 360.0pt x 82.79767pt.
<images/control_AND_wvf.png, id=33, 502.87875pt x 115.18031pt>
File: images/control_AND_wvf.png Graphic file (type png)
<use images/control_AND_wvf.png>
Package pdftex.def Info: images/control_AND_wvf.png  used on input line 95.
(pdftex.def)             Requested size: 360.0pt x 82.45522pt.
 [7 <./images/control_ADD_wvf.png> <./images/control_SUB_wvf.png> <./images/con
trol_MUL_wvf.png> <./images/control_DIV_wvf.png>]
<images/control_OR_wvf.png, id=42, 511.15968pt x 114.4275pt>
File: images/control_OR_wvf.png Graphic file (type png)
<use images/control_OR_wvf.png>
Package pdftex.def Info: images/control_OR_wvf.png  used on input line 98.
(pdftex.def)             Requested size: 360.0pt x 80.58932pt.
<images/control_XOR_wvf.png, id=43, 502.12593pt x 119.69719pt>
File: images/control_XOR_wvf.png Graphic file (type png)
<use images/control_XOR_wvf.png>
Package pdftex.def Info: images/control_XOR_wvf.png  used on input line 101.
(pdftex.def)             Requested size: 360.0pt x 85.82208pt.
<images/control_SHIFT_wvf.png, id=44, 509.65407pt x 144.54pt>
File: images/control_SHIFT_wvf.png Graphic file (type png)
<use images/control_SHIFT_wvf.png>
Package pdftex.def Info: images/control_SHIFT_wvf.png  used on input line 104.
(pdftex.def)             Requested size: 360.0pt x 102.1014pt.
<images/control_NAND_wvf.png, id=45, 508.90125pt x 110.66344pt>
File: images/control_NAND_wvf.png Graphic file (type png)
<use images/control_NAND_wvf.png>
Package pdftex.def Info: images/control_NAND_wvf.png  used on input line 107.
(pdftex.def)             Requested size: 360.0pt x 78.2862pt.
<images/control_NOR_wvf.png, id=46, 514.92375pt x 120.45pt>
File: images/control_NOR_wvf.png Graphic file (type png)
<use images/control_NOR_wvf.png>
Package pdftex.def Info: images/control_NOR_wvf.png  used on input line 110.
(pdftex.def)             Requested size: 360.0pt x 84.21149pt.
 [8 <./images/control_AND_wvf.png> <./images/control_OR_wvf.png> <./images/cont
rol_XOR_wvf.png> <./images/control_SHIFT_wvf.png> <./images/control_NAND_wvf.pn
g>]
<images/control_XNOR_wvf.png, id=55, 503.63156pt x 114.4275pt>
File: images/control_XNOR_wvf.png Graphic file (type png)
<use images/control_XNOR_wvf.png>
Package pdftex.def Info: images/control_XNOR_wvf.png  used on input line 113.
(pdftex.def)             Requested size: 360.0pt x 81.79408pt.
<images/control_NOT_wvf.png, id=56, 508.90125pt x 144.54pt>
File: images/control_NOT_wvf.png Graphic file (type png)
<use images/control_NOT_wvf.png>
Package pdftex.def Info: images/control_NOT_wvf.png  used on input line 116.
(pdftex.def)             Requested size: 360.0pt x 102.25137pt.
 [9 <./images/control_NOR_wvf.png> <./images/control_XNOR_wvf.png> <./images/co
ntrol_NOT_wvf.png>] (./projectS3.aux)
 ***********
LaTeX2e <2025-11-01>
L3 programming layer <2026-01-19>
 ***********
 ) 
Here is how much of TeX's memory you used:
 3429 strings out of 469514
 51735 string characters out of 5470072
 773163 words of memory out of 5000000
 32078 multiletter control sequences out of 15000+600000
 633338 words of font info for 59 fonts, out of 8000000 for 9000
 14 hyphenation exceptions out of 8191
 57i,6n,65p,358b,1871s stack positions out of 10000i,1000n,20000p,200000b,200000s
 </home/stiink/.texlive2025/texmf-var/fonts/pk/ljfour/jknappen/ec/tctt1000.60
0pk> </home/stiink/.texlive2025/texmf-var/fonts/pk/ljfour/jknappen/ec/tcrm1095.
600pk></usr/share/texlive/texmf-dist/fonts/type1/public/amsfonts/cm/cmbx12.pfb>
</usr/share/texlive/texmf-dist/fonts/type1/public/amsfonts/cm/cmr10.pfb></usr/s
hare/texlive/texmf-dist/fonts/type1/public/amsfonts/cm/cmr12.pfb></usr/share/te
xlive/texmf-dist/fonts/type1/public/amsfonts/cm/cmsy10.pfb></usr/share/texlive/
texmf-dist/fonts/type1/public/amsfonts/cm/cmtt10.pfb>
Output written on projectS3.pdf (9 pages, 256442 bytes).
PDF statistics:
 94 PDF objects out of 1000 (max. 8388607)
 46 compressed objects within 1 object stream
 0 named destinations out of 1000 (max. 500000)
 61 words of extra memory for PDF output out of 10000 (max. 10000000)

